[06-10 01:38:28]: [INFO] Created column 'regdate' and set the current timestamp, 1654814308966, to all 0 rows
[06-10 01:38:28]: [INFO] SQLite Setup finished
[06-10 01:38:29]: [INFO] Hooked into LuckPerms!
[06-10 01:38:29]: [WARN] WARNING! The protectInventory feature requires ProtocolLib! Disabling it...
[06-10 01:38:29]: [INFO] AuthMe 5.6.0-SNAPSHOT build n.2501 successfully enabled!
[06-10 01:38:34]: [INFO] Hooked successfully into CMI
[06-10 01:38:34]: [INFO] Downloading GEO IP database, because the old database is older than 30 days or doesn't exist
[06-10 01:38:34]: [WARN] No MaxMind credentials found in the configuration file! GeoIp protections will be disabled.
[06-10 01:38:34]: [INFO] There is no newer GEO IP database uploaded to MaxMind. Using the old one for now.
[06-10 01:38:34]: [WARN] Could not download GeoLiteAPI database [FileNotFoundException]: plugins/AuthMe/GeoLite2-Country.mmdb (No such file or directory)
[06-10 01:38:34]: java.io.FileNotFoundException: plugins/AuthMe/GeoLite2-Country.mmdb (No such file or directory)
	at java.base/java.io.RandomAccessFile.open0(Native Method)
	at java.base/java.io.RandomAccessFile.open(RandomAccessFile.java:345)
	at java.base/java.io.RandomAccessFile.<init>(RandomAccessFile.java:259)
	at java.base/java.io.RandomAccessFile.<init>(RandomAccessFile.java:214)
	at fr.xephi.authme.libs.com.maxmind.db.BufferHolder.<init>(BufferHolder.java:20)
	at fr.xephi.authme.libs.com.maxmind.db.Reader.<init>(Reader.java:121)
	at fr.xephi.authme.service.GeoIpService.startReading(GeoIpService.java:173)
	at fr.xephi.authme.service.GeoIpService.updateDatabase(GeoIpService.java:144)
	at org.bukkit.craftbukkit.v1_16_R3.scheduler.CraftTask.run(CraftTask.java:101)
	at org.bukkit.craftbukkit.v1_16_R3.scheduler.CraftAsyncTask.run(CraftAsyncTask.java:54)
	at com.destroystokyo.paper.ServerSchedulerReportingWrapper.run(ServerSchedulerReportingWrapper.java:22)
	at java.base/java.util.concurrent.ThreadPoolExecutor.runWorker(ThreadPoolExecutor.java:1128)
	at java.base/java.util.concurrent.ThreadPoolExecutor$Worker.run(ThreadPoolExecutor.java:628)
	at java.base/java.lang.Thread.run(Thread.java:829)

[06-10 01:38:50]: [FINE] youube1233 registered 178.34.158.138
[06-10 01:38:51]: [FINE] youube1233 logged in 178.34.158.138
[06-10 01:39:21]: [FINE] danik8513 registered 95.79.210.12
[06-10 01:39:21]: [FINE] danik8513 logged in 95.79.210.12
[06-10 01:42:04]: [INFO] CMI has been disabled: unhooking
[06-10 01:42:04]: [INFO] AuthMe 5.6.0-SNAPSHOT-b2501 disabled!
[06-10 01:42:10]: [INFO] SQLite Setup finished
[06-10 01:42:10]: [INFO] Hooked into LuckPerms!
[06-10 01:42:10]: [WARN] WARNING! The protectInventory feature requires ProtocolLib! Disabling it...
[06-10 01:42:10]: [INFO] AuthMe 5.6.0-SNAPSHOT build n.2501 successfully enabled!
[06-10 01:42:13]: [INFO] Hooked successfully into CMI
[06-10 01:42:13]: [INFO] Downloading GEO IP database, because the old database is older than 30 days or doesn't exist
[06-10 01:42:13]: [WARN] No MaxMind credentials found in the configuration file! GeoIp protections will be disabled.
[06-10 01:42:13]: [INFO] There is no newer GEO IP database uploaded to MaxMind. Using the old one for now.
[06-10 01:42:13]: [WARN] Could not download GeoLiteAPI database [FileNotFoundException]: plugins/AuthMe/GeoLite2-Country.mmdb (No such file or directory)
[06-10 01:42:13]: java.io.FileNotFoundException: plugins/AuthMe/GeoLite2-Country.mmdb (No such file or directory)
	at java.base/java.io.RandomAccessFile.open0(Native Method)
	at java.base/java.io.RandomAccessFile.open(RandomAccessFile.java:345)
	at java.base/java.io.RandomAccessFile.<init>(RandomAccessFile.java:259)
	at java.base/java.io.RandomAccessFile.<init>(RandomAccessFile.java:214)
	at fr.xephi.authme.libs.com.maxmind.db.BufferHolder.<init>(BufferHolder.java:20)
	at fr.xephi.authme.libs.com.maxmind.db.Reader.<init>(Reader.java:121)
	at fr.xephi.authme.service.GeoIpService.startReading(GeoIpService.java:173)
	at fr.xephi.authme.service.GeoIpService.updateDatabase(GeoIpService.java:144)
	at org.bukkit.craftbukkit.v1_16_R3.scheduler.CraftTask.run(CraftTask.java:101)
	at org.bukkit.craftbukkit.v1_16_R3.scheduler.CraftAsyncTask.run(CraftAsyncTask.java:54)
	at com.destroystokyo.paper.ServerSchedulerReportingWrapper.run(ServerSchedulerReportingWrapper.java:22)
	at java.base/java.util.concurrent.ThreadPoolExecutor.runWorker(ThreadPoolExecutor.java:1128)
	at java.base/java.util.concurrent.ThreadPoolExecutor$Worker.run(ThreadPoolExecutor.java:628)
	at java.base/java.lang.Thread.run(Thread.java:829)

[06-10 01:42:24]: [FINE] youube1233 logged in 178.34.158.138
[06-10 01:42:32]: [FINE] danik8513 logged in 95.79.210.12
[06-10 01:42:33]: [FINE] youube1233 logged in 178.34.158.138
[06-10 02:26:43]: [FINE] youube1233 logged in 178.34.158.138
[06-10 02:27:27]: [FINE] youube1233 logged in 178.34.158.138
[06-10 02:27:30]: [INFO] youube1233 logged out
[06-10 02:27:38]: [FINE] youube1233 used the wrong password
[06-10 02:27:45]: [FINE] youube1233 logged in 178.34.158.138
[06-10 02:33:35]: [INFO] CMI has been disabled: unhooking
[06-10 02:33:35]: [INFO] AuthMe 5.6.0-SNAPSHOT-b2501 disabled!
